<?xml version="1.0" encoding="UTF-8"?>
<testng-results ignored="0" total="1" passed="1" failed="0" skipped="0">
  <reporter-output>
    <line>
      <![CDATA[Extent Report Directory/Users/mirouflyer/mirou-workspace/TestAmazonFramework/Amazon/target/surefire-reports/html]]>
    </line>
    <line>
      <![CDATA[Browser is launching]]>
    </line>
    <line>
      <![CDATA[advancedSearchTest: keywords Is Displayed Test]]>
    </line>
    <line>
      <![CDATA[KindleBooksSearch: keywords Is Displayed]]>
    </line>
  </reporter-output>
  <suite started-at="2021-03-18T23:12:14Z" name="Amazon Automation Script " finished-at="2021-03-18T23:12:20Z" duration-ms="5948">
    <groups>
    </groups>
    <test started-at="2021-03-18T23:12:14Z" name="Amazon E-Commerce" finished-at="2021-03-18T23:12:20Z" duration-ms="5948">
      <class name="advancedSearchTest.advancedSearchTest">
        <test-method is-config="true" signature="extentSetup(org.testng.ITestContext)[pri:0, instance:advancedSearchTest.advancedSearchTest@48f2bd5b]" started-at="2021-03-18T23:12:09Z" name="extentSetup" finished-at="2021-03-18T23:12:14Z" duration-ms="5154" status="PASS">
          <params>
            <param index="0">
              <value>
                <![CDATA[org.testng.TestRunner@56ccd751]]>
              </value>
            </param>
          </params>
          <reporter-output>
            <line>
              <![CDATA[Extent Report Directory/Users/mirouflyer/mirou-workspace/TestAmazonFramework/Amazon/target/surefire-reports/html]]>
            </line>
          </reporter-output>
        </test-method> <!-- extentSetup -->
        <test-method is-config="true" signature="setUp(boolean, java.lang.String, java.lang.String, java.lang.String, java.lang.String, java.lang.String, java.lang.String)[pri:0, instance:advancedSearchTest.advancedSearchTest@48f2bd5b]" started-at="2021-03-18T23:12:14Z" name="setUp" finished-at="2021-03-18T23:12:17Z" duration-ms="2545" status="PASS">
          <params>
            <param index="0">
              <value>
                <![CDATA[false]]>
              </value>
            </param>
            <param index="1">
              <value>
                <![CDATA[browserstack]]>
              </value>
            </param>
            <param index="2">
              <value>
                <![CDATA[OS X]]>
              </value>
            </param>
            <param index="3">
              <value>
                <![CDATA[Sierra]]>
              </value>
            </param>
            <param index="4">
              <value>
                <![CDATA[chrome]]>
              </value>
            </param>
            <param index="5">
              <value>
                <![CDATA[89.0.4389]]>
              </value>
            </param>
            <param index="6">
              <value>
                <![CDATA[https://www.amazon.com/]]>
              </value>
            </param>
          </params>
          <reporter-output>
          </reporter-output>
        </test-method> <!-- setUp -->
        <test-method is-config="true" signature="startExtent(java.lang.reflect.Method)[pri:0, instance:advancedSearchTest.advancedSearchTest@48f2bd5b]" started-at="2021-03-18T23:12:17Z" name="startExtent" finished-at="2021-03-18T23:12:17Z" duration-ms="3" status="PASS">
          <params>
            <param index="0">
              <value>
                <![CDATA[public void advancedSearchTest.advancedSearchTest.keywordsIsDisplayedTest()]]>
              </value>
            </param>
          </params>
          <reporter-output>
          </reporter-output>
        </test-method> <!-- startExtent -->
        <test-method signature="keywordsIsDisplayedTest()[pri:0, instance:advancedSearchTest.advancedSearchTest@48f2bd5b]" started-at="2021-03-18T23:12:17Z" name="keywordsIsDisplayedTest" finished-at="2021-03-18T23:12:20Z" duration-ms="3093" status="PASS">
          <reporter-output>
            <line>
              <![CDATA[Browser is launching]]>
            </line>
            <line>
              <![CDATA[advancedSearchTest: keywords Is Displayed Test]]>
            </line>
            <line>
              <![CDATA[KindleBooksSearch: keywords Is Displayed]]>
            </line>
          </reporter-output>
        </test-method> <!-- keywordsIsDisplayedTest -->
        <test-method is-config="true" signature="afterEachTestMethod(org.testng.ITestResult)[pri:0, instance:advancedSearchTest.advancedSearchTest@48f2bd5b]" started-at="2021-03-18T23:12:20Z" name="afterEachTestMethod" finished-at="2021-03-18T23:12:20Z" duration-ms="293" status="PASS">
          <params>
            <param index="0">
              <value>
                <![CDATA[[TestResult name=keywordsIsDisplayedTest status=SUCCESS method=advancedSearchTest.keywordsIsDisplayedTest()[pri:0, instance:advancedSearchTest.advancedSearchTest@48f2bd5b] output=Browser is launching]]]>
              </value>
            </param>
          </params>
          <reporter-output>
          </reporter-output>
        </test-method> <!-- afterEachTestMethod -->
        <test-method is-config="true" signature="cleanUp()[pri:0, instance:advancedSearchTest.advancedSearchTest@48f2bd5b]" started-at="2021-03-18T23:12:20Z" name="cleanUp" finished-at="2021-03-18T23:12:20Z" duration-ms="0" status="PASS">
          <reporter-output>
          </reporter-output>
        </test-method> <!-- cleanUp -->
        <test-method is-config="true" signature="generateReport()[pri:0, instance:advancedSearchTest.advancedSearchTest@48f2bd5b]" started-at="2021-03-18T23:12:25Z" name="generateReport" finished-at="2021-03-18T23:12:25Z" duration-ms="27" status="PASS">
          <reporter-output>
          </reporter-output>
        </test-method> <!-- generateReport -->
      </class> <!-- advancedSearchTest.advancedSearchTest -->
    </test> <!-- Amazon E-Commerce -->
  </suite> <!-- Amazon Automation Script  -->
</testng-results>
